2017-05-18 12:46:39,531 [DEBUG] org.apache.http.client.protocol.RequestAddCookies  - CookieSpec selected: default
2017-05-18 12:46:39,540 [DEBUG] org.apache.http.client.protocol.RequestAuthCache  - Auth cache not set in the context
2017-05-18 12:46:39,541 [DEBUG] org.apache.http.impl.conn.PoolingHttpClientConnectionManager  - Connection request: [route: {}->http://localhost:33773][total kept alive: 0; route allocated: 0 of 2000; total allocated: 0 of 2000]
2017-05-18 12:46:39,552 [DEBUG] org.apache.http.impl.conn.PoolingHttpClientConnectionManager  - Connection leased: [id: 0][route: {}->http://localhost:33773][total kept alive: 0; route allocated: 1 of 2000; total allocated: 1 of 2000]
2017-05-18 12:46:39,553 [DEBUG] org.apache.http.impl.execchain.MainClientExec  - Opening connection {}->http://localhost:33773
2017-05-18 12:46:39,554 [DEBUG] org.apache.http.impl.conn.DefaultHttpClientConnectionOperator  - Connecting to localhost/127.0.0.1:33773
2017-05-18 12:46:39,555 [DEBUG] org.apache.http.impl.conn.DefaultHttpClientConnectionOperator  - Connection established 127.0.0.1:59162<->127.0.0.1:33773
2017-05-18 12:46:39,556 [DEBUG] org.apache.http.impl.conn.DefaultManagedHttpClientConnection  - http-outgoing-0: set socket timeout to 10800000
2017-05-18 12:46:39,556 [DEBUG] org.apache.http.impl.execchain.MainClientExec  - Executing request POST /session HTTP/1.1
2017-05-18 12:46:39,556 [DEBUG] org.apache.http.impl.execchain.MainClientExec  - Target auth state: UNCHALLENGED
2017-05-18 12:46:39,556 [DEBUG] org.apache.http.impl.execchain.MainClientExec  - Proxy auth state: UNCHALLENGED
2017-05-18 12:46:39,558 [DEBUG] org.apache.http.headers  - http-outgoing-0 >> POST /session HTTP/1.1
2017-05-18 12:46:39,558 [DEBUG] org.apache.http.headers  - http-outgoing-0 >> Content-Type: application/json; charset=utf-8
2017-05-18 12:46:39,558 [DEBUG] org.apache.http.headers  - http-outgoing-0 >> Content-Length: 456
2017-05-18 12:46:39,558 [DEBUG] org.apache.http.headers  - http-outgoing-0 >> Host: localhost:33773
2017-05-18 12:46:39,558 [DEBUG] org.apache.http.headers  - http-outgoing-0 >> Connection: Keep-Alive
2017-05-18 12:46:39,558 [DEBUG] org.apache.http.headers  - http-outgoing-0 >> User-Agent: Apache-HttpClient/4.5.3 (Java/1.8.0_121)
2017-05-18 12:46:39,558 [DEBUG] org.apache.http.headers  - http-outgoing-0 >> Accept-Encoding: gzip,deflate
2017-05-18 12:46:39,558 [DEBUG] org.apache.http.wire  - http-outgoing-0 >> "POST /session HTTP/1.1[\r][\n]"
2017-05-18 12:46:39,558 [DEBUG] org.apache.http.wire  - http-outgoing-0 >> "Content-Type: application/json; charset=utf-8[\r][\n]"
2017-05-18 12:46:39,558 [DEBUG] org.apache.http.wire  - http-outgoing-0 >> "Content-Length: 456[\r][\n]"
2017-05-18 12:46:39,558 [DEBUG] org.apache.http.wire  - http-outgoing-0 >> "Host: localhost:33773[\r][\n]"
2017-05-18 12:46:39,558 [DEBUG] org.apache.http.wire  - http-outgoing-0 >> "Connection: Keep-Alive[\r][\n]"
2017-05-18 12:46:39,558 [DEBUG] org.apache.http.wire  - http-outgoing-0 >> "User-Agent: Apache-HttpClient/4.5.3 (Java/1.8.0_121)[\r][\n]"
2017-05-18 12:46:39,559 [DEBUG] org.apache.http.wire  - http-outgoing-0 >> "Accept-Encoding: gzip,deflate[\r][\n]"
2017-05-18 12:46:39,559 [DEBUG] org.apache.http.wire  - http-outgoing-0 >> "[\r][\n]"
2017-05-18 12:46:39,559 [DEBUG] org.apache.http.wire  - http-outgoing-0 >> "{[\n]"
2017-05-18 12:46:39,559 [DEBUG] org.apache.http.wire  - http-outgoing-0 >> "  "desiredCapabilities": {[\n]"
2017-05-18 12:46:39,559 [DEBUG] org.apache.http.wire  - http-outgoing-0 >> "    "moz:firefoxOptions": {[\n]"
2017-05-18 12:46:39,559 [DEBUG] org.apache.http.wire  - http-outgoing-0 >> "      "prefs": {},[\n]"
2017-05-18 12:46:39,559 [DEBUG] org.apache.http.wire  - http-outgoing-0 >> "      "args": [][\n]"
2017-05-18 12:46:39,559 [DEBUG] org.apache.http.wire  - http-outgoing-0 >> "    }[\n]"
2017-05-18 12:46:39,559 [DEBUG] org.apache.http.wire  - http-outgoing-0 >> "  },[\n]"
2017-05-18 12:46:39,559 [DEBUG] org.apache.http.wire  - http-outgoing-0 >> "  "requiredCapabilities": {},[\n]"
2017-05-18 12:46:39,559 [DEBUG] org.apache.http.wire  - http-outgoing-0 >> "  "capabilities": {[\n]"
2017-05-18 12:46:39,559 [DEBUG] org.apache.http.wire  - http-outgoing-0 >> "    "desiredCapabilities": {[\n]"
2017-05-18 12:46:39,559 [DEBUG] org.apache.http.wire  - http-outgoing-0 >> "      "moz:firefoxOptions": {[\n]"
2017-05-18 12:46:39,559 [DEBUG] org.apache.http.wire  - http-outgoing-0 >> "        "prefs": {},[\n]"
2017-05-18 12:46:39,559 [DEBUG] org.apache.http.wire  - http-outgoing-0 >> "        "args": [][\n]"
2017-05-18 12:46:39,559 [DEBUG] org.apache.http.wire  - http-outgoing-0 >> "      }[\n]"
2017-05-18 12:46:39,559 [DEBUG] org.apache.http.wire  - http-outgoing-0 >> "    },[\n]"
2017-05-18 12:46:39,559 [DEBUG] org.apache.http.wire  - http-outgoing-0 >> "    "requiredCapabilities": {},[\n]"
2017-05-18 12:46:39,559 [DEBUG] org.apache.http.wire  - http-outgoing-0 >> "    "alwaysMatch": {},[\n]"
2017-05-18 12:46:39,559 [DEBUG] org.apache.http.wire  - http-outgoing-0 >> "    "firstMatch": [[\n]"
2017-05-18 12:46:39,559 [DEBUG] org.apache.http.wire  - http-outgoing-0 >> "      {[\n]"
2017-05-18 12:46:39,559 [DEBUG] org.apache.http.wire  - http-outgoing-0 >> "        "moz:firefoxOptions": {[\n]"
2017-05-18 12:46:39,559 [DEBUG] org.apache.http.wire  - http-outgoing-0 >> "          "prefs": {},[\n]"
2017-05-18 12:46:39,559 [DEBUG] org.apache.http.wire  - http-outgoing-0 >> "          "args": [][\n]"
2017-05-18 12:46:39,559 [DEBUG] org.apache.http.wire  - http-outgoing-0 >> "        }[\n]"
2017-05-18 12:46:39,559 [DEBUG] org.apache.http.wire  - http-outgoing-0 >> "      }[\n]"
2017-05-18 12:46:39,559 [DEBUG] org.apache.http.wire  - http-outgoing-0 >> "    ][\n]"
2017-05-18 12:46:39,559 [DEBUG] org.apache.http.wire  - http-outgoing-0 >> "  }[\n]"
2017-05-18 12:46:39,559 [DEBUG] org.apache.http.wire  - http-outgoing-0 >> "}"
2017-05-18 12:46:42,011 [DEBUG] org.apache.http.wire  - http-outgoing-0 << "HTTP/1.1 200 OK[\r][\n]"
2017-05-18 12:46:42,012 [DEBUG] org.apache.http.wire  - http-outgoing-0 << "Connection: close[\r][\n]"
2017-05-18 12:46:42,012 [DEBUG] org.apache.http.wire  - http-outgoing-0 << "Content-Type: application/json; charset=utf-8[\r][\n]"
2017-05-18 12:46:42,012 [DEBUG] org.apache.http.wire  - http-outgoing-0 << "Cache-Control: no-cache[\r][\n]"
2017-05-18 12:46:42,012 [DEBUG] org.apache.http.wire  - http-outgoing-0 << "Content-Length: 478[\r][\n]"
2017-05-18 12:46:42,012 [DEBUG] org.apache.http.wire  - http-outgoing-0 << "Date: Thu, 18 May 2017 07:16:42 GMT[\r][\n]"
2017-05-18 12:46:42,012 [DEBUG] org.apache.http.wire  - http-outgoing-0 << "[\r][\n]"
2017-05-18 12:46:42,012 [DEBUG] org.apache.http.wire  - http-outgoing-0 << "{"value": {"sessionId":"b49d4713-3ec8-7346-9e10-2e97649e3c0a","value":{"acceptInsecureCerts":false,"browserName":"firefox","browserVersion":"53.0.2","moz:accessibilityChecks":false,"moz:processID":59523,"moz:profile":"/var/folders/jw/25sb05rj1x7b9f834l6v2cmh7h8q5c/T/rust_mozprofile.p2UVFVKhLteR","pageLoadStrategy":"normal","platformName":"darwin","platformVersion":"16.5.0","rotatable":false,"specificationLevel":0,"timeouts":{"implicit":0,"pageLoad":300000,"script":30000}}}}"
2017-05-18 12:46:42,015 [DEBUG] org.apache.http.headers  - http-outgoing-0 << HTTP/1.1 200 OK
2017-05-18 12:46:42,015 [DEBUG] org.apache.http.headers  - http-outgoing-0 << Connection: close
2017-05-18 12:46:42,016 [DEBUG] org.apache.http.headers  - http-outgoing-0 << Content-Type: application/json; charset=utf-8
2017-05-18 12:46:42,016 [DEBUG] org.apache.http.headers  - http-outgoing-0 << Cache-Control: no-cache
2017-05-18 12:46:42,016 [DEBUG] org.apache.http.headers  - http-outgoing-0 << Content-Length: 478
2017-05-18 12:46:42,016 [DEBUG] org.apache.http.headers  - http-outgoing-0 << Date: Thu, 18 May 2017 07:16:42 GMT
2017-05-18 12:46:42,023 [DEBUG] org.apache.http.impl.conn.DefaultManagedHttpClientConnection  - http-outgoing-0: Close connection
2017-05-18 12:46:42,023 [DEBUG] org.apache.http.impl.execchain.MainClientExec  - Connection discarded
2017-05-18 12:46:42,024 [DEBUG] org.apache.http.impl.conn.PoolingHttpClientConnectionManager  - Connection released: [id: 0][route: {}->http://localhost:33773][total kept alive: 0; route allocated: 0 of 2000; total allocated: 0 of 2000]
